<?xml version="1.0" encoding="UTF-8"?>
<testsuite xmlns:xsi="http://www.w3.org/2001/XMLSchema-instance" xsi:noNamespaceSchemaLocation="https://maven.apache.org/surefire/maven-surefire-plugin/xsd/surefire-test-report-3.0.xsd" version="3.0" name="pl.first.firstjava.GreeterTest" time="0.016" tests="1" errors="0" skipped="0" failures="0">
  <properties>
[...]
</properties>
  <testcase name="testGreet" classname="pl.first.firstjava.GreeterTest" time="0.016">
    <system-out><![CDATA[greet
]]></system-out>
  </testcase>
</testsuite>